{
  "tests/speckit-pro/unit/fixtures/crap-score/sample.ts": {
    "path": "tests/speckit-pro/unit/fixtures/crap-score/sample.ts",
    "statementMap": {
      "0": {"start": {"line": 2, "column": 2}, "end": {"line": 2, "column": 15}},
      "1": {"start": {"line": 6, "column": 2}, "end": {"line": 6, "column": 22}},
      "2": {"start": {"line": 7, "column": 2}, "end": {"line": 7, "column": 22}},
      "3": {"start": {"line": 8, "column": 2}, "end": {"line": 8, "column": 17}},
      "4": {"start": {"line": 9, "column": 2}, "end": {"line": 9, "column": 17}},
      "5": {"start": {"line": 10, "column": 2}, "end": {"line": 10, "column": 17}},
      "6": {"start": {"line": 11, "column": 2}, "end": {"line": 11, "column": 17}},
      "7": {"start": {"line": 12, "column": 2}, "end": {"line": 12, "column": 11}}
    },
    "fnMap": {
      "0": {"name": "simple", "decl": {"start": {"line": 1, "column": 16}, "end": {"line": 1, "column": 22}}, "loc": {"start": {"line": 1, "column": 43}, "end": {"line": 3, "column": 1}}, "line": 1},
      "1": {"name": "tangled", "decl": {"start": {"line": 5, "column": 16}, "end": {"line": 5, "column": 23}}, "loc": {"start": {"line": 5, "column": 140}, "end": {"line": 13, "column": 1}}, "line": 5}
    },
    "branchMap": {},
    "s": {"0": 3, "1": 1, "2": 1, "3": 0, "4": 0, "5": 0, "6": 0, "7": 0},
    "f": {"0": 3, "1": 1},
    "b": {}
  }
}
